I001 [*] Import block is un-sorted or un-formatted
  --> services\zkp_service\stub.py:29:1
   |
27 |   """
28 |
29 | / from __future__ import annotations
30 | |
31 | | import base64
32 | | import json
33 | | from dataclasses import dataclass
34 | | from typing import Any
35 | |
36 | | from cryptography.hazmat.primitives import serialization
37 | | from cryptography.hazmat.primitives.asymmetric.ed25519 import (
38 | |     Ed25519PrivateKey,
39 | |     Ed25519PublicKey,
40 | | )
   | |_^
   |
help: Organize imports

I001 [*] Import block is un-sorted or un-formatted
  --> tools\agents\watch_all_green.py:2:1
   |
 1 |   #!/usr/bin/env python3
 2 | / from __future__ import annotations
 3 | |
 4 | | import argparse
 5 | | import json
 6 | | import os
 7 | | import sys
 8 | | import time
 9 | | from datetime import UTC, datetime
10 | | from pathlib import Path
11 | | from typing import Any
12 | | from urllib.error import HTTPError
13 | | from urllib.request import Request, urlopen
   | |___________________________________________^
   |
help: Organize imports

Found 2 errors.
[*] 2 fixable with the `--fix` option.
